{
  "uid" : "619b6e9a23c73581",
  "name" : "test_web",
  "fullName" : "tests.Web.test_web.TestWeb#test_web",
  "historyId" : "49bc22eb42716246c9a2b5aae1fa5143",
  "time" : {
    "start" : 1648670073126,
    "stop" : 1648670073894,
    "duration" : 768
  },
  "status" : "passed",
  "flaky" : false,
  "newFailed" : false,
  "beforeStages" : [ {
    "name" : "_session_faker",
    "time" : {
      "start" : 1648670071233,
      "stop" : 1648670071318,
      "duration" : 85
    },
    "status" : "passed",
    "steps" : [ ],
    "attachments" : [ ],
    "parameters" : [ ],
    "stepsCount" : 0,
    "attachmentsCount" : 0,
    "shouldDisplayMessage" : false,
    "hasContent" : false
  }, {
    "name" : "web_setup",
    "time" : {
      "start" : 1648670071967,
      "stop" : 1648670073126,
      "duration" : 1159
    },
    "status" : "passed",
    "steps" : [ ],
    "attachments" : [ ],
    "parameters" : [ ],
    "stepsCount" : 0,
    "attachmentsCount" : 0,
    "shouldDisplayMessage" : false,
    "hasContent" : false
  } ],
  "testStage" : {
    "status" : "passed",
    "steps" : [ {
      "name" : "Webpage Screenshot Test",
      "time" : {
        "start" : 1648670073126,
        "stop" : 1648670073894,
        "duration" : 768
      },
      "status" : "passed",
      "steps" : [ ],
      "attachments" : [ {
        "uid" : "c427b1174c8c6ba7",
        "name" : "Test Pass",
        "source" : "c427b1174c8c6ba7.png",
        "type" : "image/png",
        "size" : 33721
      } ],
      "parameters" : [ ],
      "stepsCount" : 0,
      "attachmentsCount" : 1,
      "shouldDisplayMessage" : false,
      "hasContent" : true
    } ],
    "attachments" : [ {
      "uid" : "a507d7046e67a34e",
      "name" : "log",
      "source" : "a507d7046e67a34e.txt",
      "type" : "text/plain",
      "size" : 589
    } ],
    "parameters" : [ ],
    "stepsCount" : 1,
    "attachmentsCount" : 2,
    "shouldDisplayMessage" : false,
    "hasContent" : true
  },
  "afterStages" : [ {
    "name" : "web_setup::0",
    "time" : {
      "start" : 1648670073895,
      "stop" : 1648670073950,
      "duration" : 55
    },
    "status" : "passed",
    "steps" : [ ],
    "attachments" : [ ],
    "parameters" : [ ],
    "stepsCount" : 0,
    "attachmentsCount" : 0,
    "shouldDisplayMessage" : false,
    "hasContent" : false
  } ],
  "labels" : [ {
    "name" : "tag",
    "value" : "@pytest.mark.usefixtures('web_setup')"
  }, {
    "name" : "parentSuite",
    "value" : "tests.Web"
  }, {
    "name" : "suite",
    "value" : "test_web"
  }, {
    "name" : "subSuite",
    "value" : "TestWeb"
  }, {
    "name" : "host",
    "value" : "fv-az397-503"
  }, {
    "name" : "thread",
    "value" : "2555-MainThread"
  }, {
    "name" : "framework",
    "value" : "pytest"
  }, {
    "name" : "language",
    "value" : "cpython3"
  }, {
    "name" : "package",
    "value" : "tests.Web.test_web"
  }, {
    "name" : "resultFormat",
    "value" : "allure2"
  } ],
  "parameters" : [ ],
  "links" : [ ],
  "hidden" : false,
  "retry" : false,
  "extra" : {
    "severity" : "normal",
    "retries" : [ ],
    "categories" : [ ],
    "history" : {
      "statistic" : {
        "failed" : 0,
        "broken" : 2,
        "skipped" : 0,
        "passed" : 1,
        "unknown" : 0,
        "total" : 3
      },
      "items" : [ {
        "uid" : "dee1964af3310005",
        "reportUrl" : "https://harsh-suthar.github.io/allure-github-action/61//#testresult/dee1964af3310005",
        "status" : "broken",
        "statusDetails" : "selenium.common.exceptions.WebDriverException: Message: unknown error: Chrome failed to start: exited abnormally.\n  (unknown error: DevToolsActivePort file doesn't exist)\n  (The process started from chrome location /usr/bin/google-chrome is no longer running, so ChromeDriver is assuming that Chrome has crashed.)\nStacktrace:\n#0 0x5586e2dc5ad3 <unknown>\n#1 0x5586e2b25568 <unknown>\n#2 0x5586e2b48b37 <unknown>\n#3 0x5586e2b4423a <unknown>\n#4 0x5586e2b7f2ba <unknown>\n#5 0x5586e2b794e3 <unknown>\n#6 0x5586e2b4ed1a <unknown>\n#7 0x5586e2b4fe75 <unknown>\n#8 0x5586e2df3efd <unknown>\n#9 0x5586e2e0d19b <unknown>\n#10 0x5586e2df5c65 <unknown>\n#11 0x5586e2e0dec8 <unknown>\n#12 0x5586e2de9360 <unknown>\n#13 0x5586e2e29a68 <unknown>\n#14 0x5586e2e29be8 <unknown>\n#15 0x5586e2e437fd <unknown>\n#16 0x7febf079e609 <unknown>",
        "time" : {
          "start" : 1648669894305,
          "stop" : 1648669894305,
          "duration" : 0
        }
      }, {
        "uid" : "1b73d4bdf05453f9",
        "reportUrl" : "https://harsh-suthar.github.io/allure-github-action/58//#testresult/1b73d4bdf05453f9",
        "status" : "broken",
        "statusDetails" : "selenium.common.exceptions.WebDriverException: Message: unknown error: Chrome failed to start: crashed.\n  (unknown error: DevToolsActivePort file doesn't exist)\n  (The process started from chrome location /usr/bin/google-chrome is no longer running, so ChromeDriver is assuming that Chrome has crashed.)\nStacktrace:\n#0 0x559f67568b33 <unknown>\n#1 0x559f670316d8 <unknown>\n#2 0x559f6705484c <unknown>\n#3 0x559f6704ffca <unknown>\n#4 0x559f6708ae0a <unknown>\n#5 0x559f67084f53 <unknown>\n#6 0x559f6705aa0a <unknown>\n#7 0x559f6705bad5 <unknown>\n#8 0x559f6759a2fd <unknown>\n#9 0x559f675b34bb <unknown>\n#10 0x559f6759c0d5 <unknown>\n#11 0x559f675b4145 <unknown>\n#12 0x559f6758faaf <unknown>\n#13 0x559f675d0ba8 <unknown>\n#14 0x559f675d0d28 <unknown>\n#15 0x559f675eb48d <unknown>\n#16 0x7f95fd5cf609 <unknown>",
        "time" : {
          "start" : 1648669500411,
          "stop" : 1648669500411,
          "duration" : 0
        }
      } ]
    },
    "tags" : [ "@pytest.mark.usefixtures('web_setup')" ]
  },
  "source" : "619b6e9a23c73581.json",
  "parameterValues" : [ ]
}